[debug] [2023-06-16T01:30:35.676Z] ----------------------------------------------------------------------
[debug] [2023-06-16T01:30:35.679Z] Command:       /opt/homebrew/Cellar/node/20.2.0/bin/node /Users/narenmani/.npm-global/bin/firebase emulators:start
[debug] [2023-06-16T01:30:35.679Z] CLI Version:   12.3.1
[debug] [2023-06-16T01:30:35.679Z] Platform:      darwin
[debug] [2023-06-16T01:30:35.679Z] Node Version:  v20.2.0
[debug] [2023-06-16T01:30:35.679Z] Time:          Thu Jun 15 2023 21:30:35 GMT-0400 (Eastern Daylight Time)
[debug] [2023-06-16T01:30:35.679Z] ----------------------------------------------------------------------
[debug] 
[debug] [2023-06-16T01:30:35.759Z] > command requires scopes: ["email","openid","https://www.googleapis.com/auth/cloudplatformprojects.readonly","https://www.googleapis.com/auth/firebase","https://www.googleapis.com/auth/cloud-platform"]
[debug] [2023-06-16T01:30:35.760Z] > authorizing via signed-in user (nmanikandan219@gmail.com)
[debug] [2023-06-16T01:30:35.945Z] java version "17.0.6" 2023-01-17 LTS

[debug] [2023-06-16T01:30:35.946Z] Java(TM) SE Runtime Environment (build 17.0.6+9-LTS-190)
Java HotSpot(TM) 64-Bit Server VM (build 17.0.6+9-LTS-190, mixed mode, sharing)

[debug] [2023-06-16T01:30:35.949Z] Parsed Java major version: 17
[info] i  emulators: Starting emulators: functions, firestore {"metadata":{"emulator":{"name":"hub"},"message":"Starting emulators: functions, firestore"}}
[debug] [2023-06-16T01:30:36.339Z] [logging] Logging Emulator only supports listening on one address (127.0.0.1). Not listening on ::1
[debug] [2023-06-16T01:30:36.339Z] [firestore] Firestore Emulator only supports listening on one address (127.0.0.1). Not listening on ::1
[debug] [2023-06-16T01:30:36.339Z] [firestore.websocket] websocket server for firestore only supports listening on one address (127.0.0.1). Not listening on ::1
[debug] [2023-06-16T01:30:36.339Z] assigned listening specs for emulators {"user":{"hub":[{"address":"127.0.0.1","family":"IPv4","port":4400},{"address":"::1","family":"IPv6","port":4400}],"ui":[{"address":"127.0.0.1","family":"IPv4","port":4000},{"address":"::1","family":"IPv6","port":4000}],"logging":[{"address":"127.0.0.1","family":"IPv4","port":4500}],"firestore":[{"address":"127.0.0.1","family":"IPv4","port":8080}],"firestore.websocket":[{"address":"127.0.0.1","family":"IPv4","port":9150}]},"metadata":{"message":"assigned listening specs for emulators"}}
[debug] [2023-06-16T01:30:36.348Z] [hub] writing locator at /var/folders/l4/m_qrjcs10x738zhj3xpjcld80000gn/T/hub-parkware1.json
[debug] [2023-06-16T01:30:36.501Z] [functions] Functions Emulator only supports listening on one address (127.0.0.1). Not listening on ::1
[debug] [2023-06-16T01:30:36.501Z] [eventarc] Eventarc Emulator only supports listening on one address (127.0.0.1). Not listening on ::1
[debug] [2023-06-16T01:30:36.501Z] late-assigned ports for functions and eventarc emulators {"user":{"hub":[{"address":"127.0.0.1","family":"IPv4","port":4400},{"address":"::1","family":"IPv6","port":4400}],"ui":[{"address":"127.0.0.1","family":"IPv4","port":4000},{"address":"::1","family":"IPv6","port":4000}],"logging":[{"address":"127.0.0.1","family":"IPv4","port":4500}],"firestore":[{"address":"127.0.0.1","family":"IPv4","port":8080}],"firestore.websocket":[{"address":"127.0.0.1","family":"IPv4","port":9150}],"functions":[{"address":"127.0.0.1","family":"IPv4","port":5001}],"eventarc":[{"address":"127.0.0.1","family":"IPv4","port":9299}]},"metadata":{"message":"late-assigned ports for functions and eventarc emulators"}}
[warn] ⚠  functions: The following emulators are not running, calls to these services from the Functions emulator will affect production: auth, database, hosting, pubsub, storage {"metadata":{"emulator":{"name":"functions"},"message":"The following emulators are not running, calls to these services from the Functions emulator will affect production: \u001b[1mauth, database, hosting, pubsub, storage\u001b[22m"}}
[debug] [2023-06-16T01:30:36.504Z] defaultcredentials: writing to file /Users/narenmani/.config/firebase/nmanikandan219_gmail_com_application_default_credentials.json
[debug] [2023-06-16T01:30:36.506Z] Setting GAC to /Users/narenmani/.config/firebase/nmanikandan219_gmail_com_application_default_credentials.json {"metadata":{"emulator":{"name":"functions"},"message":"Setting GAC to /Users/narenmani/.config/firebase/nmanikandan219_gmail_com_application_default_credentials.json"}}
[debug] [2023-06-16T01:30:36.508Z] >>> [apiv2][query] GET https://firebase.googleapis.com/v1beta1/projects/parkware1/adminSdkConfig [none]
[debug] [2023-06-16T01:30:36.736Z] <<< [apiv2][status] GET https://firebase.googleapis.com/v1beta1/projects/parkware1/adminSdkConfig 200
[debug] [2023-06-16T01:30:36.736Z] <<< [apiv2][body] GET https://firebase.googleapis.com/v1beta1/projects/parkware1/adminSdkConfig {"projectId":"parkware1","databaseURL":"https://parkware1-default-rtdb.firebaseio.com","storageBucket":"parkware1.appspot.com","locationId":"us-central"}
[debug] [2023-06-16T01:30:36.749Z] Ignoring unsupported arg: auto_download {"metadata":{"emulator":{"name":"firestore"},"message":"Ignoring unsupported arg: auto_download"}}
[debug] [2023-06-16T01:30:36.749Z] Ignoring unsupported arg: single_project_mode_error {"metadata":{"emulator":{"name":"firestore"},"message":"Ignoring unsupported arg: single_project_mode_error"}}
[debug] [2023-06-16T01:30:36.750Z] Starting Firestore Emulator with command {"binary":"java","args":["-Dgoogle.cloud_firestore.debug_log_level=FINE","-Duser.language=en","-jar","/Users/narenmani/.cache/firebase/emulators/cloud-firestore-emulator-v1.17.4.jar","--host","127.0.0.1","--port",8080,"--websocket_port",9150,"--project_id","parkware1","--rules","/Users/narenmani/Development/parkware/parkware/firestore.rules","--single_project_mode",true,"--functions_emulator","127.0.0.1:5001"],"optionalArgs":["port","webchannel_port","host","rules","websocket_port","functions_emulator","seed_from_export","project_id","single_project_mode"],"joinArgs":false} {"metadata":{"emulator":{"name":"firestore"},"message":"Starting Firestore Emulator with command {\"binary\":\"java\",\"args\":[\"-Dgoogle.cloud_firestore.debug_log_level=FINE\",\"-Duser.language=en\",\"-jar\",\"/Users/narenmani/.cache/firebase/emulators/cloud-firestore-emulator-v1.17.4.jar\",\"--host\",\"127.0.0.1\",\"--port\",8080,\"--websocket_port\",9150,\"--project_id\",\"parkware1\",\"--rules\",\"/Users/narenmani/Development/parkware/parkware/firestore.rules\",\"--single_project_mode\",true,\"--functions_emulator\",\"127.0.0.1:5001\"],\"optionalArgs\":[\"port\",\"webchannel_port\",\"host\",\"rules\",\"websocket_port\",\"functions_emulator\",\"seed_from_export\",\"project_id\",\"single_project_mode\"],\"joinArgs\":false}"}}
[info] i  firestore: Firestore Emulator logging to firestore-debug.log {"metadata":{"emulator":{"name":"firestore"},"message":"Firestore Emulator logging to \u001b[1mfirestore-debug.log\u001b[22m"}}
[debug] [2023-06-16T01:30:37.563Z] Jun 15, 2023 9:30:37 PM com.google.cloud.datastore.emulator.firestore.websocket.WebSocketServer start
INFO: Started WebSocket server on ws://127.0.0.1:9150
 {"metadata":{"emulator":{"name":"firestore"},"message":"Jun 15, 2023 9:30:37 PM com.google.cloud.datastore.emulator.firestore.websocket.WebSocketServer start\nINFO: Started WebSocket server on ws://127.0.0.1:9150\n"}}
[debug] [2023-06-16T01:30:37.579Z] API endpoint: http:// {"metadata":{"emulator":{"name":"firestore"},"message":"API endpoint: http://"}}
[debug] [2023-06-16T01:30:37.579Z] 127.0.0.1:8080
If you are using a library that supports the FIRESTORE_EMULATOR_HOST environment variable, run:

   export FIRESTORE_EMULATOR_HOST=127.0.0.1:8080

Dev App Server is now running.

 {"metadata":{"emulator":{"name":"firestore"},"message":"127.0.0.1:8080\nIf you are using a library that supports the FIRESTORE_EMULATOR_HOST environment variable, run:\n\n   export FIRESTORE_EMULATOR_HOST=127.0.0.1:8080\n\nDev App Server is now running.\n\n"}}
[info] ✔  firestore: Firestore Emulator UI websocket is running on 9150. {"metadata":{"emulator":{"name":"firestore"},"message":"Firestore Emulator UI websocket is running on 9150."}}
[debug] [2023-06-16T01:30:37.771Z] Ignoring unsupported arg: auto_download {"metadata":{"emulator":{"name":"ui"},"message":"Ignoring unsupported arg: auto_download"}}
[debug] [2023-06-16T01:30:37.771Z] Ignoring unsupported arg: port {"metadata":{"emulator":{"name":"ui"},"message":"Ignoring unsupported arg: port"}}
[debug] [2023-06-16T01:30:37.771Z] Starting Emulator UI with command {"binary":"node","args":["/Users/narenmani/.cache/firebase/emulators/ui-v1.11.6/server/server.js"],"optionalArgs":[],"joinArgs":false} {"metadata":{"emulator":{"name":"ui"},"message":"Starting Emulator UI with command {\"binary\":\"node\",\"args\":[\"/Users/narenmani/.cache/firebase/emulators/ui-v1.11.6/server/server.js\"],\"optionalArgs\":[],\"joinArgs\":false}"}}
[info] i  ui: Emulator UI logging to ui-debug.log {"metadata":{"emulator":{"name":"ui"},"message":"Emulator UI logging to \u001b[1mui-debug.log\u001b[22m"}}
[debug] [2023-06-16T01:30:37.880Z] Web / API server started at 127.0.0.1:4000
 {"metadata":{"emulator":{"name":"ui"},"message":"Web / API server started at 127.0.0.1:4000\n"}}
[debug] [2023-06-16T01:30:37.881Z] Web / API server started at ::1:4000
 {"metadata":{"emulator":{"name":"ui"},"message":"Web / API server started at ::1:4000\n"}}
[info] i  functions: Watching "/Users/narenmani/Development/parkware/parkware/functions" for Cloud Functions... {"metadata":{"emulator":{"name":"functions"},"message":"Watching \"/Users/narenmani/Development/parkware/parkware/functions\" for Cloud Functions..."}}
[debug] [2023-06-16T01:30:38.031Z] Validating nodejs source
[warn] ⚠  functions: package.json indicates an outdated version of firebase-functions. Please upgrade using npm install --save firebase-functions@latest in your functions directory. 
[debug] [2023-06-16T01:30:39.913Z] > [functions] package.json contents: {
  "name": "functions",
  "scripts": {
    "lint": "eslint --ext .js,.ts .",
    "build": "npm run lint && tsc",
    "build:watch": "tsc --watch",
    "serve": "npm run build && firebase emulators:start --only functions",
    "shell": "npm run build && firebase functions:shell",
    "start": "npm run shell",
    "deploy": "firebase deploy --only functions",
    "logs": "firebase functions:log",
    "watch": "watch 'npm run build' ../functions"
  },
  "engines": {
    "node": "18"
  },
  "main": "lib/index.js",
  "dependencies": {
    "@types/react": "~18.0.27",
    "firebase-admin": "^11.8.0",
    "firebase-functions": "^4.3.1",
    "watch": "^0.13.0"
  },
  "devDependencies": {
    "@typescript-eslint/eslint-plugin": "^5.12.0",
    "@typescript-eslint/parser": "^5.12.0",
    "eslint": "^8.9.0",
    "eslint-config-google": "^0.14.0",
    "eslint-plugin-import": "^2.25.4",
    "firebase-functions-test": "^3.1.0",
    "typescript": "^4.9.0"
  },
  "private": true
}
[debug] [2023-06-16T01:30:39.914Z] Building nodejs source
[debug] [2023-06-16T01:30:39.914Z] Failed to find version of module node: reached end of search path /Users/narenmani/Development/parkware/parkware/functions/node_modules
[warn] ⚠  functions: Your requested "node" version "18" doesn't match your global version "20". Using node@20 from host. 
[debug] [2023-06-16T01:30:39.916Z] Could not find functions.yaml. Must use http discovery
[debug] [2023-06-16T01:30:39.923Z] Found firebase-functions binary at '/Users/narenmani/Development/parkware/parkware/functions/node_modules/.bin/firebase-functions'
[debug] [2023-06-16T01:30:40.089Z] Serving at port 8590

[debug] [2023-06-16T01:30:40.306Z] Got response from /__/functions.yaml {"endpoints":{"onMessageUpdate":{"platform":"gcfv1","availableMemoryMb":null,"timeoutSeconds":null,"minInstances":null,"maxInstances":null,"ingressSettings":null,"serviceAccountEmail":null,"vpc":null,"eventTrigger":{"eventType":"providers/cloud.firestore/eventTypes/document.write","eventFilters":{"resource":"projects/parkware1/databases/(default)/documents/events/{docID}"},"retry":false},"labels":{},"entryPoint":"onMessageUpdate"}},"specVersion":"v1alpha1","requiredAPIs":[]}
[debug] [2023-06-16T01:30:40.312Z] shutdown requested via /__/quitquitquit

[info] ✔  functions: Loaded functions definitions from source: onMessageUpdate. {"metadata":{"emulator":{"name":"functions"},"message":"Loaded functions definitions from source: onMessageUpdate."}}
[debug] [2023-06-16T01:30:40.317Z] addFirestoreTrigger "{\"eventTrigger\":{\"eventType\":\"providers/cloud.firestore/eventTypes/document.write\",\"resource\":\"projects/parkware1/databases/(default)/documents/events/{docID}\",\"service\":\"firestore.googleapis.com\"}}"
[debug] [2023-06-16T01:30:40.318Z] >>> [apiv2][query] PUT http://127.0.0.1:8080/emulator/v1/projects/parkware1/triggers/us-central1-onMessageUpdate-0 [none]
[debug] [2023-06-16T01:30:40.318Z] >>> [apiv2][body] PUT http://127.0.0.1:8080/emulator/v1/projects/parkware1/triggers/us-central1-onMessageUpdate-0 "{\"eventTrigger\":{\"eventType\":\"providers/cloud.firestore/eventTypes/document.write\",\"resource\":\"projects/parkware1/databases/(default)/documents/events/{docID}\",\"service\":\"firestore.googleapis.com\"}}"
[debug] [2023-06-16T01:30:40.324Z] Jun 15, 2023 9:30:40 PM io.gapi.emulators.netty.HttpVersionRoutingHandler channelRead
INFO: Detected non-HTTP/2 connection.
 {"metadata":{"emulator":{"name":"firestore"},"message":"Jun 15, 2023 9:30:40 PM io.gapi.emulators.netty.HttpVersionRoutingHandler channelRead\nINFO: Detected non-HTTP/2 connection.\n"}}
[debug] [2023-06-16T01:30:40.449Z] Jun 15, 2023 9:30:40 PM io.gapi.emulators.netty.HttpVersionRoutingHandler channelRead
INFO: Detected HTTP/2 connection.
 {"metadata":{"emulator":{"name":"firestore"},"message":"Jun 15, 2023 9:30:40 PM io.gapi.emulators.netty.HttpVersionRoutingHandler channelRead\nINFO: Detected HTTP/2 connection.\n"}}
[debug] [2023-06-16T01:30:40.778Z] <<< [apiv2][status] PUT http://127.0.0.1:8080/emulator/v1/projects/parkware1/triggers/us-central1-onMessageUpdate-0 200
[debug] [2023-06-16T01:30:40.778Z] <<< [apiv2][body] PUT http://127.0.0.1:8080/emulator/v1/projects/parkware1/triggers/us-central1-onMessageUpdate-0 {}
[info] ✔  functions[us-central1-onMessageUpdate]: firestore function initialized. {"metadata":{"emulator":{"name":"functions"},"message":"\u001b[1mfirestore\u001b[22m function initialized."}}
[info] 
┌─────────────────────────────────────────────────────────────┐
│ ✔  All emulators ready! It is now safe to connect your app. │
│ i  View Emulator UI at http://127.0.0.1:4000/               │
└─────────────────────────────────────────────────────────────┘

┌───────────┬────────────────┬─────────────────────────────────┐
│ Emulator  │ Host:Port      │ View in Emulator UI             │
├───────────┼────────────────┼─────────────────────────────────┤
│ Functions │ 127.0.0.1:5001 │ http://127.0.0.1:4000/functions │
├───────────┼────────────────┼─────────────────────────────────┤
│ Firestore │ 127.0.0.1:8080 │ http://127.0.0.1:4000/firestore │
└───────────┴────────────────┴─────────────────────────────────┘
  Emulator Hub running at 127.0.0.1:4400
  Other reserved ports: 4500, 9150

Issues? Report them at https://github.com/firebase/firebase-tools/issues and attach the *-debug.log files.
 
[debug] [2023-06-16T01:30:49.131Z] Jun 15, 2023 9:30:49 PM com.google.cloud.datastore.emulator.firestore.websocket.WebSocketChannelHandler initChannel
INFO: Connected to new websocket client
 {"metadata":{"emulator":{"name":"firestore"},"message":"Jun 15, 2023 9:30:49 PM com.google.cloud.datastore.emulator.firestore.websocket.WebSocketChannelHandler initChannel\nINFO: Connected to new websocket client\n"}}
[debug] [2023-06-16T01:30:51.282Z] Jun 15, 2023 9:30:51 PM io.gapi.emulators.netty.HttpVersionRoutingHandler channelRead
INFO: Detected non-HTTP/2 connection.
 {"metadata":{"emulator":{"name":"firestore"},"message":"Jun 15, 2023 9:30:51 PM io.gapi.emulators.netty.HttpVersionRoutingHandler channelRead\nINFO: Detected non-HTTP/2 connection.\n"}}
[debug] [2023-06-16T01:31:09.826Z] Jun 15, 2023 9:31:09 PM io.gapi.emulators.netty.HttpVersionRoutingHandler channelRead
INFO: Detected non-HTTP/2 connection.
 {"metadata":{"emulator":{"name":"firestore"},"message":"Jun 15, 2023 9:31:09 PM io.gapi.emulators.netty.HttpVersionRoutingHandler channelRead\nINFO: Detected non-HTTP/2 connection.\n"}}
[debug] [2023-06-16T01:31:09.936Z] Jun 15, 2023 9:31:09 PM io.gapi.emulators.netty.HttpVersionRoutingHandler channelRead
INFO: Detected non-HTTP/2 connection.
 {"metadata":{"emulator":{"name":"firestore"},"message":"Jun 15, 2023 9:31:09 PM io.gapi.emulators.netty.HttpVersionRoutingHandler channelRead\nINFO: Detected non-HTTP/2 connection.\n"}}
[debug] [2023-06-16T01:31:09.944Z] Jun 15, 2023 9:31:09 PM io.gapi.emulators.netty.HttpVersionRoutingHandler channelRead
INFO: Detected non-HTTP/2 connection.
 {"metadata":{"emulator":{"name":"firestore"},"message":"Jun 15, 2023 9:31:09 PM io.gapi.emulators.netty.HttpVersionRoutingHandler channelRead\nINFO: Detected non-HTTP/2 connection.\n"}}
[debug] [2023-06-16T01:31:10.116Z] [work-queue] {"queuedWork":["/functions/projects/parkware1/triggers/us-central1-onMessageUpdate-0-2023-06-16T01:31:10.113Z"],"queueLength":1,"runningWork":[],"workRunningCount":0}
[debug] [2023-06-16T01:31:10.119Z] [work-queue] {"queuedWork":[],"queueLength":0,"runningWork":["/functions/projects/parkware1/triggers/us-central1-onMessageUpdate-0-2023-06-16T01:31:10.113Z"],"workRunningCount":1}
[debug] [2023-06-16T01:31:10.130Z] Accepted request POST /functions/projects/parkware1/triggers/us-central1-onMessageUpdate-0 --> us-central1-onMessageUpdate-0
[debug] [2023-06-16T01:31:10.142Z] [functions] Runtime ready! Sending request! {"metadata":{"emulator":{"name":"functions"},"message":"[functions] Runtime ready! Sending request!"}}
[debug] [2023-06-16T01:31:10.143Z] [functions] Got req.url=/functions/projects/parkware1/triggers/us-central1-onMessageUpdate-0, mapping to path=/functions/projects/ {"metadata":{"emulator":{"name":"functions"},"message":"[functions] Got req.url=/functions/projects/parkware1/triggers/us-central1-onMessageUpdate-0, mapping to path=/functions/projects/"}}
[debug] [2023-06-16T01:31:10.154Z] [worker-pool] addWorker(us-central1-onMessageUpdate) {"metadata":{"emulator":{"name":"functions"},"message":"[worker-pool] addWorker(us-central1-onMessageUpdate)"}}
[debug] [2023-06-16T01:31:10.154Z] [worker-pool] Adding worker with key us-central1-onMessageUpdate, total=1 {"metadata":{"emulator":{"name":"functions"},"message":"[worker-pool] Adding worker with key us-central1-onMessageUpdate, total=1"}}
[debug] [2023-06-16T01:31:10.157Z] Jun 15, 2023 9:31:10 PM io.gapi.emulators.netty.HttpVersionRoutingHandler channelRead
INFO: Detected non-HTTP/2 connection.
 {"metadata":{"emulator":{"name":"firestore"},"message":"Jun 15, 2023 9:31:10 PM io.gapi.emulators.netty.HttpVersionRoutingHandler channelRead\nINFO: Detected non-HTTP/2 connection.\n"}}
[debug] [2023-06-16T01:31:10.229Z] Jun 15, 2023 9:31:10 PM io.gapi.emulators.netty.HttpVersionRoutingHandler channelRead
INFO: Detected non-HTTP/2 connection.
 {"metadata":{"emulator":{"name":"firestore"},"message":"Jun 15, 2023 9:31:10 PM io.gapi.emulators.netty.HttpVersionRoutingHandler channelRead\nINFO: Detected non-HTTP/2 connection.\n"}}
[debug] [2023-06-16T01:31:10.326Z] Jun 15, 2023 9:31:10 PM io.gapi.emulators.netty.HttpVersionRoutingHandler channelRead
INFO: Detected non-HTTP/2 connection.
 {"metadata":{"emulator":{"name":"firestore"},"message":"Jun 15, 2023 9:31:10 PM io.gapi.emulators.netty.HttpVersionRoutingHandler channelRead\nINFO: Detected non-HTTP/2 connection.\n"}}
[debug] [2023-06-16T01:31:11.354Z] [runtime-status] [90759] Resolved module firebase-admin {"declared":true,"installed":true,"version":"11.9.0","resolution":"/Users/narenmani/Development/parkware/parkware/functions/node_modules/firebase-admin/lib/index.js"} {"metadata":{"emulator":{"name":"functions"},"function":{"name":"us-central1-onMessageUpdate"},"extension":{},"message":"[runtime-status] [90759] Resolved module firebase-admin {\"declared\":true,\"installed\":true,\"version\":\"11.9.0\",\"resolution\":\"/Users/narenmani/Development/parkware/parkware/functions/node_modules/firebase-admin/lib/index.js\"}"}}
[debug] [2023-06-16T01:31:11.355Z] [runtime-status] [90759] Resolved module firebase-functions {"declared":true,"installed":true,"version":"4.4.0","resolution":"/Users/narenmani/Development/parkware/parkware/functions/node_modules/firebase-functions/lib/v1/index.js"} {"metadata":{"emulator":{"name":"functions"},"function":{"name":"us-central1-onMessageUpdate"},"extension":{},"message":"[runtime-status] [90759] Resolved module firebase-functions {\"declared\":true,\"installed\":true,\"version\":\"4.4.0\",\"resolution\":\"/Users/narenmani/Development/parkware/parkware/functions/node_modules/firebase-functions/lib/v1/index.js\"}"}}
[debug] [2023-06-16T01:31:11.355Z] [runtime-status] [90759] Outgoing network have been stubbed. [{"name":"http","status":"mocked"},{"name":"http","status":"mocked"},{"name":"https","status":"mocked"},{"name":"https","status":"mocked"},{"name":"net","status":"mocked"}] {"metadata":{"emulator":{"name":"functions"},"function":{"name":"us-central1-onMessageUpdate"},"extension":{},"message":"[runtime-status] [90759] Outgoing network have been stubbed. [{\"name\":\"http\",\"status\":\"mocked\"},{\"name\":\"http\",\"status\":\"mocked\"},{\"name\":\"https\",\"status\":\"mocked\"},{\"name\":\"https\",\"status\":\"mocked\"},{\"name\":\"net\",\"status\":\"mocked\"}]"}}
[debug] [2023-06-16T01:31:11.355Z] [runtime-status] [90759] Resolved module firebase-functions {"declared":true,"installed":true,"version":"4.4.0","resolution":"/Users/narenmani/Development/parkware/parkware/functions/node_modules/firebase-functions/lib/v1/index.js"} {"metadata":{"emulator":{"name":"functions"},"function":{"name":"us-central1-onMessageUpdate"},"extension":{},"message":"[runtime-status] [90759] Resolved module firebase-functions {\"declared\":true,\"installed\":true,\"version\":\"4.4.0\",\"resolution\":\"/Users/narenmani/Development/parkware/parkware/functions/node_modules/firebase-functions/lib/v1/index.js\"}"}}
[debug] [2023-06-16T01:31:11.545Z] [runtime-status] [90759] Checked functions.config() {"config":{}} {"metadata":{"emulator":{"name":"functions"},"function":{"name":"us-central1-onMessageUpdate"},"extension":{},"message":"[runtime-status] [90759] Checked functions.config() {\"config\":{}}"}}
[debug] [2023-06-16T01:31:11.545Z] [runtime-status] [90759] firebase-functions has been stubbed. {"functionsResolution":{"declared":true,"installed":true,"version":"4.4.0","resolution":"/Users/narenmani/Development/parkware/parkware/functions/node_modules/firebase-functions/lib/v1/index.js"}} {"metadata":{"emulator":{"name":"functions"},"function":{"name":"us-central1-onMessageUpdate"},"extension":{},"message":"[runtime-status] [90759] firebase-functions has been stubbed. {\"functionsResolution\":{\"declared\":true,\"installed\":true,\"version\":\"4.4.0\",\"resolution\":\"/Users/narenmani/Development/parkware/parkware/functions/node_modules/firebase-functions/lib/v1/index.js\"}}"}}
[debug] [2023-06-16T01:31:11.546Z] [runtime-status] [90759] Resolved module firebase-functions {"declared":true,"installed":true,"version":"4.4.0","resolution":"/Users/narenmani/Development/parkware/parkware/functions/node_modules/firebase-functions/lib/v1/index.js"} {"metadata":{"emulator":{"name":"functions"},"function":{"name":"us-central1-onMessageUpdate"},"extension":{},"message":"[runtime-status] [90759] Resolved module firebase-functions {\"declared\":true,\"installed\":true,\"version\":\"4.4.0\",\"resolution\":\"/Users/narenmani/Development/parkware/parkware/functions/node_modules/firebase-functions/lib/v1/index.js\"}"}}
[debug] [2023-06-16T01:31:11.546Z] [runtime-status] [90759] Resolved module firebase-admin {"declared":true,"installed":true,"version":"11.9.0","resolution":"/Users/narenmani/Development/parkware/parkware/functions/node_modules/firebase-admin/lib/index.js"} {"metadata":{"emulator":{"name":"functions"},"function":{"name":"us-central1-onMessageUpdate"},"extension":{},"message":"[runtime-status] [90759] Resolved module firebase-admin {\"declared\":true,\"installed\":true,\"version\":\"11.9.0\",\"resolution\":\"/Users/narenmani/Development/parkware/parkware/functions/node_modules/firebase-admin/lib/index.js\"}"}}
[debug] [2023-06-16T01:31:11.548Z] [runtime-status] [90759] Resolved module firebase-functions {"declared":true,"installed":true,"version":"4.4.0","resolution":"/Users/narenmani/Development/parkware/parkware/functions/node_modules/firebase-functions/lib/v1/index.js"} {"metadata":{"emulator":{"name":"functions"},"function":{"name":"us-central1-onMessageUpdate"},"extension":{},"message":"[runtime-status] [90759] Resolved module firebase-functions {\"declared\":true,\"installed\":true,\"version\":\"4.4.0\",\"resolution\":\"/Users/narenmani/Development/parkware/parkware/functions/node_modules/firebase-functions/lib/v1/index.js\"}"}}
[debug] [2023-06-16T01:31:11.549Z] [runtime-status] [90759] firebase-admin has been stubbed. {"adminResolution":{"declared":true,"installed":true,"version":"11.9.0","resolution":"/Users/narenmani/Development/parkware/parkware/functions/node_modules/firebase-admin/lib/index.js"}} {"metadata":{"emulator":{"name":"functions"},"function":{"name":"us-central1-onMessageUpdate"},"extension":{},"message":"[runtime-status] [90759] firebase-admin has been stubbed. {\"adminResolution\":{\"declared\":true,\"installed\":true,\"version\":\"11.9.0\",\"resolution\":\"/Users/narenmani/Development/parkware/parkware/functions/node_modules/firebase-admin/lib/index.js\"}}"}}
[debug] [2023-06-16T01:31:11.559Z] [runtime-status] [90759] Functions runtime initialized. {"cwd":"/Users/narenmani/Development/parkware/parkware/functions","node_version":"20.2.0"} {"metadata":{"emulator":{"name":"functions"},"function":{"name":"us-central1-onMessageUpdate"},"extension":{},"message":"[runtime-status] [90759] Functions runtime initialized. {\"cwd\":\"/Users/narenmani/Development/parkware/parkware/functions\",\"node_version\":\"20.2.0\"}"}}
[debug] [2023-06-16T01:31:11.561Z] [runtime-status] [90759] Listening to port: /var/folders/l4/m_qrjcs10x738zhj3xpjcld80000gn/T/fire_emu_e5c41804eef2cbaa.sock {"metadata":{"emulator":{"name":"functions"},"function":{"name":"us-central1-onMessageUpdate"},"extension":{},"message":"[runtime-status] [90759] Listening to port: /var/folders/l4/m_qrjcs10x738zhj3xpjcld80000gn/T/fire_emu_e5c41804eef2cbaa.sock"}}
[debug] [2023-06-16T01:31:11.600Z] [worker-us-central1-onMessageUpdate-3f60d753-df10-43c1-9a8a-2a40a82c6e9d]: IDLE {"metadata":{"emulator":{"name":"functions"},"function":{"name":"us-central1-onMessageUpdate"},"extension":{},"message":"[worker-us-central1-onMessageUpdate-3f60d753-df10-43c1-9a8a-2a40a82c6e9d]: IDLE"}}
[debug] [2023-06-16T01:31:11.601Z] [worker-pool] submitRequest(triggerId=us-central1-onMessageUpdate) {"metadata":{"emulator":{"name":"functions"},"message":"[worker-pool] submitRequest(triggerId=us-central1-onMessageUpdate)"}}
[info] i  functions: Beginning execution of "us-central1-onMessageUpdate" {"metadata":{"emulator":{"name":"functions"},"function":{"name":"us-central1-onMessageUpdate"},"extension":{},"message":"Beginning execution of \"us-central1-onMessageUpdate\""}}
[debug] [2023-06-16T01:31:11.601Z] [worker-us-central1-onMessageUpdate-3f60d753-df10-43c1-9a8a-2a40a82c6e9d]: BUSY {"metadata":{"emulator":{"name":"functions"},"function":{"name":"us-central1-onMessageUpdate"},"extension":{},"message":"[worker-us-central1-onMessageUpdate-3f60d753-df10-43c1-9a8a-2a40a82c6e9d]: BUSY"}}
[debug] [2023-06-16T01:31:11.613Z] [runtime-status] [90759] ProcessBackground: lifting resource.name from resource {"name":"projects/parkware1/databases/(default)/documents/events/A07eLJn7pAh5TwHYzto6","service":"firestore.googleapis.com"} {"metadata":{"emulator":{"name":"functions"},"function":{"name":"us-central1-onMessageUpdate"},"extension":{},"message":"[runtime-status] [90759] ProcessBackground: lifting resource.name from resource {\"name\":\"projects/parkware1/databases/(default)/documents/events/A07eLJn7pAh5TwHYzto6\",\"service\":\"firestore.googleapis.com\"}"}}
[debug] [2023-06-16T01:31:11.613Z] [runtime-status] [90759] RunBackground {"data":{"value":{"name":"projects/parkware1/databases/(default)/documents/events/A07eLJn7pAh5TwHYzto6","fields":{"s":{"stringValue":"a"}},"createTime":"2023-06-16T01:31:10.019469Z","updateTime":"2023-06-16T01:31:10.019469Z"},"updateMask":{}},"context":{"eventId":"fcf16dc6-7423-47a4-bc4e-6ac4112447d3","timestamp":"2023-06-16T01:31:10.019Z","eventType":"providers/cloud.firestore/eventTypes/document.write","resource":"projects/parkware1/databases/(default)/documents/events/A07eLJn7pAh5TwHYzto6"}} {"metadata":{"emulator":{"name":"functions"},"function":{"name":"us-central1-onMessageUpdate"},"extension":{},"message":"[runtime-status] [90759] RunBackground {\"data\":{\"value\":{\"name\":\"projects/parkware1/databases/(default)/documents/events/A07eLJn7pAh5TwHYzto6\",\"fields\":{\"s\":{\"stringValue\":\"a\"}},\"createTime\":\"2023-06-16T01:31:10.019469Z\",\"updateTime\":\"2023-06-16T01:31:10.019469Z\"},\"updateMask\":{}},\"context\":{\"eventId\":\"fcf16dc6-7423-47a4-bc4e-6ac4112447d3\",\"timestamp\":\"2023-06-16T01:31:10.019Z\",\"eventType\":\"providers/cloud.firestore/eventTypes/document.write\",\"resource\":\"projects/parkware1/databases/(default)/documents/events/A07eLJn7pAh5TwHYzto6\"}}"}}
[debug] [2023-06-16T01:31:11.879Z] Jun 15, 2023 9:31:11 PM io.gapi.emulators.netty.HttpVersionRoutingHandler channelRead
INFO: Detected HTTP/2 connection.
 {"metadata":{"emulator":{"name":"firestore"},"message":"Jun 15, 2023 9:31:11 PM io.gapi.emulators.netty.HttpVersionRoutingHandler channelRead\nINFO: Detected HTTP/2 connection.\n"}}
[debug] [2023-06-16T01:31:11.895Z] Finishing up request with event=pause {"metadata":{"emulator":{"name":"functions"},"function":{"name":"us-central1-onMessageUpdate"},"extension":{},"message":"Finishing up request with event=pause"}}
[info] i  functions: Finished "us-central1-onMessageUpdate" in 294.000792ms {"metadata":{"emulator":{"name":"functions"},"function":{"name":"us-central1-onMessageUpdate"},"extension":{},"message":"Finished \"us-central1-onMessageUpdate\" in 294.000792ms"}}
[debug] [2023-06-16T01:31:11.896Z] [worker-us-central1-onMessageUpdate-3f60d753-df10-43c1-9a8a-2a40a82c6e9d]: IDLE {"metadata":{"emulator":{"name":"functions"},"function":{"name":"us-central1-onMessageUpdate"},"extension":{},"message":"[worker-us-central1-onMessageUpdate-3f60d753-df10-43c1-9a8a-2a40a82c6e9d]: IDLE"}}
[debug] [2023-06-16T01:31:11.896Z] Finishing up request with event=finish {"metadata":{"emulator":{"name":"functions"},"function":{"name":"us-central1-onMessageUpdate"},"extension":{},"message":"Finishing up request with event=finish"}}
[debug] [2023-06-16T01:31:11.896Z] Finishing up request with event=close {"metadata":{"emulator":{"name":"functions"},"function":{"name":"us-central1-onMessageUpdate"},"extension":{},"message":"Finishing up request with event=close"}}
[debug] [2023-06-16T01:31:11.896Z] [work-queue] {"queuedWork":[],"queueLength":0,"runningWork":[],"workRunningCount":0}
[debug] [2023-06-16T01:31:16.346Z] Jun 15, 2023 9:31:16 PM io.gapi.emulators.netty.HttpVersionRoutingHandler channelRead
INFO: Detected non-HTTP/2 connection.
 {"metadata":{"emulator":{"name":"firestore"},"message":"Jun 15, 2023 9:31:16 PM io.gapi.emulators.netty.HttpVersionRoutingHandler channelRead\nINFO: Detected non-HTTP/2 connection.\n"}}
[debug] [2023-06-16T01:31:16.354Z] Jun 15, 2023 9:31:16 PM io.gapi.emulators.netty.HttpVersionRoutingHandler channelRead
INFO: Detected non-HTTP/2 connection.
 {"metadata":{"emulator":{"name":"firestore"},"message":"Jun 15, 2023 9:31:16 PM io.gapi.emulators.netty.HttpVersionRoutingHandler channelRead\nINFO: Detected non-HTTP/2 connection.\n"}}
[debug] [2023-06-16T01:31:16.363Z] Jun 15, 2023 9:31:16 PM com.google.cloud.datastore.emulator.firestore.webchannel.FirestoreV1WebChannelAdapter$FirestoreListenHandler onClose
INFO: channel closed
 {"metadata":{"emulator":{"name":"firestore"},"message":"Jun 15, 2023 9:31:16 PM com.google.cloud.datastore.emulator.firestore.webchannel.FirestoreV1WebChannelAdapter$FirestoreListenHandler onClose\nINFO: channel closed\n"}}
[debug] [2023-06-16T01:31:16.368Z] Jun 15, 2023 9:31:16 PM com.google.cloud.datastore.emulator.firestore.webchannel.FirestoreV1WebChannelAdapter$FirestoreWriteHandler onClose
INFO: channel closed
 {"metadata":{"emulator":{"name":"firestore"},"message":"Jun 15, 2023 9:31:16 PM com.google.cloud.datastore.emulator.firestore.webchannel.FirestoreV1WebChannelAdapter$FirestoreWriteHandler onClose\nINFO: channel closed\n"}}
[debug] [2023-06-16T01:31:17.249Z] Jun 15, 2023 9:31:17 PM io.gapi.emulators.netty.HttpVersionRoutingHandler channelRead
INFO: Detected non-HTTP/2 connection.
 {"metadata":{"emulator":{"name":"firestore"},"message":"Jun 15, 2023 9:31:17 PM io.gapi.emulators.netty.HttpVersionRoutingHandler channelRead\nINFO: Detected non-HTTP/2 connection.\n"}}
[debug] [2023-06-16T01:31:17.269Z] Jun 15, 2023 9:31:17 PM io.gapi.emulators.netty.HttpVersionRoutingHandler channelRead
INFO: Detected non-HTTP/2 connection.
 {"metadata":{"emulator":{"name":"firestore"},"message":"Jun 15, 2023 9:31:17 PM io.gapi.emulators.netty.HttpVersionRoutingHandler channelRead\nINFO: Detected non-HTTP/2 connection.\n"}}
[debug] [2023-06-16T01:31:17.291Z] Jun 15, 2023 9:31:17 PM io.gapi.emulators.netty.HttpVersionRoutingHandler channelRead
INFO: Detected non-HTTP/2 connection.
 {"metadata":{"emulator":{"name":"firestore"},"message":"Jun 15, 2023 9:31:17 PM io.gapi.emulators.netty.HttpVersionRoutingHandler channelRead\nINFO: Detected non-HTTP/2 connection.\n"}}
[debug] [2023-06-16T01:31:17.301Z] Jun 15, 2023 9:31:17 PM io.gapi.emulators.netty.HttpVersionRoutingHandler channelRead
INFO: Detected non-HTTP/2 connection.
 {"metadata":{"emulator":{"name":"firestore"},"message":"Jun 15, 2023 9:31:17 PM io.gapi.emulators.netty.HttpVersionRoutingHandler channelRead\nINFO: Detected non-HTTP/2 connection.\n"}}
[debug] [2023-06-16T01:31:18.441Z] Jun 15, 2023 9:31:18 PM io.gapi.emulators.netty.HttpVersionRoutingHandler channelRead
INFO: Detected non-HTTP/2 connection.
 {"metadata":{"emulator":{"name":"firestore"},"message":"Jun 15, 2023 9:31:18 PM io.gapi.emulators.netty.HttpVersionRoutingHandler channelRead\nINFO: Detected non-HTTP/2 connection.\n"}}
[debug] [2023-06-16T01:31:18.487Z] Jun 15, 2023 9:31:18 PM io.gapi.emulators.netty.HttpVersionRoutingHandler channelRead
INFO: Detected non-HTTP/2 connection.
 {"metadata":{"emulator":{"name":"firestore"},"message":"Jun 15, 2023 9:31:18 PM io.gapi.emulators.netty.HttpVersionRoutingHandler channelRead\nINFO: Detected non-HTTP/2 connection.\n"}}
[debug] [2023-06-16T01:32:18.539Z] Jun 15, 2023 9:32:18 PM io.gapi.emulators.netty.HttpVersionRoutingHandler channelRead
INFO: Detected non-HTTP/2 connection.
 {"metadata":{"emulator":{"name":"firestore"},"message":"Jun 15, 2023 9:32:18 PM io.gapi.emulators.netty.HttpVersionRoutingHandler channelRead\nINFO: Detected non-HTTP/2 connection.\n"}}
[debug] [2023-06-16T01:33:18.594Z] Jun 15, 2023 9:33:18 PM io.gapi.emulators.netty.HttpVersionRoutingHandler channelRead
INFO: Detected non-HTTP/2 connection.
 {"metadata":{"emulator":{"name":"firestore"},"message":"Jun 15, 2023 9:33:18 PM io.gapi.emulators.netty.HttpVersionRoutingHandler channelRead\nINFO: Detected non-HTTP/2 connection.\n"}}
[debug] [2023-06-16T01:34:18.660Z] Jun 15, 2023 9:34:18 PM io.gapi.emulators.netty.HttpVersionRoutingHandler channelRead
INFO: Detected non-HTTP/2 connection.
 {"metadata":{"emulator":{"name":"firestore"},"message":"Jun 15, 2023 9:34:18 PM io.gapi.emulators.netty.HttpVersionRoutingHandler channelRead\nINFO: Detected non-HTTP/2 connection.\n"}}
[debug] [2023-06-16T01:35:18.767Z] Jun 15, 2023 9:35:18 PM io.gapi.emulators.netty.HttpVersionRoutingHandler channelRead
INFO: Detected non-HTTP/2 connection.
 {"metadata":{"emulator":{"name":"firestore"},"message":"Jun 15, 2023 9:35:18 PM io.gapi.emulators.netty.HttpVersionRoutingHandler channelRead\nINFO: Detected non-HTTP/2 connection.\n"}}
[debug] [2023-06-16T01:36:18.856Z] Jun 15, 2023 9:36:18 PM io.gapi.emulators.netty.HttpVersionRoutingHandler channelRead
INFO: Detected non-HTTP/2 connection.
 {"metadata":{"emulator":{"name":"firestore"},"message":"Jun 15, 2023 9:36:18 PM io.gapi.emulators.netty.HttpVersionRoutingHandler channelRead\nINFO: Detected non-HTTP/2 connection.\n"}}
[debug] [2023-06-16T01:37:18.928Z] Jun 15, 2023 9:37:18 PM io.gapi.emulators.netty.HttpVersionRoutingHandler channelRead
INFO: Detected non-HTTP/2 connection.
 {"metadata":{"emulator":{"name":"firestore"},"message":"Jun 15, 2023 9:37:18 PM io.gapi.emulators.netty.HttpVersionRoutingHandler channelRead\nINFO: Detected non-HTTP/2 connection.\n"}}
[debug] [2023-06-16T01:38:18.989Z] Jun 15, 2023 9:38:18 PM io.gapi.emulators.netty.HttpVersionRoutingHandler channelRead
INFO: Detected non-HTTP/2 connection.
 {"metadata":{"emulator":{"name":"firestore"},"message":"Jun 15, 2023 9:38:18 PM io.gapi.emulators.netty.HttpVersionRoutingHandler channelRead\nINFO: Detected non-HTTP/2 connection.\n"}}
[debug] [2023-06-16T01:39:19.131Z] Jun 15, 2023 9:39:19 PM io.gapi.emulators.netty.HttpVersionRoutingHandler channelRead
INFO: Detected non-HTTP/2 connection.
 {"metadata":{"emulator":{"name":"firestore"},"message":"Jun 15, 2023 9:39:19 PM io.gapi.emulators.netty.HttpVersionRoutingHandler channelRead\nINFO: Detected non-HTTP/2 connection.\n"}}
[debug] [2023-06-16T01:40:19.189Z] Jun 15, 2023 9:40:19 PM io.gapi.emulators.netty.HttpVersionRoutingHandler channelRead
INFO: Detected non-HTTP/2 connection.
 {"metadata":{"emulator":{"name":"firestore"},"message":"Jun 15, 2023 9:40:19 PM io.gapi.emulators.netty.HttpVersionRoutingHandler channelRead\nINFO: Detected non-HTTP/2 connection.\n"}}
[debug] [2023-06-16T01:41:19.330Z] Jun 15, 2023 9:41:19 PM io.gapi.emulators.netty.HttpVersionRoutingHandler channelRead
INFO: Detected non-HTTP/2 connection.
 {"metadata":{"emulator":{"name":"firestore"},"message":"Jun 15, 2023 9:41:19 PM io.gapi.emulators.netty.HttpVersionRoutingHandler channelRead\nINFO: Detected non-HTTP/2 connection.\n"}}
[debug] [2023-06-16T01:42:19.380Z] Jun 15, 2023 9:42:19 PM io.gapi.emulators.netty.HttpVersionRoutingHandler channelRead
INFO: Detected non-HTTP/2 connection.
 {"metadata":{"emulator":{"name":"firestore"},"message":"Jun 15, 2023 9:42:19 PM io.gapi.emulators.netty.HttpVersionRoutingHandler channelRead\nINFO: Detected non-HTTP/2 connection.\n"}}
[debug] [2023-06-16T01:42:54.048Z] Jun 15, 2023 9:42:53 PM com.google.cloud.datastore.emulator.firestore.websocket.WebSocketChannelHandler channelClosed
INFO: Websocket client disconnected
 {"metadata":{"emulator":{"name":"firestore"},"message":"Jun 15, 2023 9:42:53 PM com.google.cloud.datastore.emulator.firestore.websocket.WebSocketChannelHandler channelClosed\nINFO: Websocket client disconnected\n"}}
[debug] [2023-06-16T01:42:54.139Z] Jun 15, 2023 9:42:54 PM io.gapi.emulators.netty.HttpVersionRoutingHandler channelRead
INFO: Detected non-HTTP/2 connection.
 {"metadata":{"emulator":{"name":"firestore"},"message":"Jun 15, 2023 9:42:54 PM io.gapi.emulators.netty.HttpVersionRoutingHandler channelRead\nINFO: Detected non-HTTP/2 connection.\n"}}
[debug] [2023-06-16T01:43:00.585Z] Jun 15, 2023 9:43:00 PM com.google.cloud.datastore.emulator.firestore.websocket.WebSocketChannelHandler initChannel
INFO: Connected to new websocket client
 {"metadata":{"emulator":{"name":"firestore"},"message":"Jun 15, 2023 9:43:00 PM com.google.cloud.datastore.emulator.firestore.websocket.WebSocketChannelHandler initChannel\nINFO: Connected to new websocket client\n"}}
[debug] [2023-06-16T01:56:35.805Z] Jun 15, 2023 9:56:35 PM io.gapi.emulators.netty.HttpVersionRoutingHandler channelRead
INFO: Detected non-HTTP/2 connection.
 {"metadata":{"emulator":{"name":"firestore"},"message":"Jun 15, 2023 9:56:35 PM io.gapi.emulators.netty.HttpVersionRoutingHandler channelRead\nINFO: Detected non-HTTP/2 connection.\n"}}
[debug] [2023-06-16T02:12:38.544Z] Jun 15, 2023 10:12:38 PM io.gapi.emulators.netty.HttpVersionRoutingHandler channelRead
INFO: Detected non-HTTP/2 connection.
 {"metadata":{"emulator":{"name":"firestore"},"message":"Jun 15, 2023 10:12:38 PM io.gapi.emulators.netty.HttpVersionRoutingHandler channelRead\nINFO: Detected non-HTTP/2 connection.\n"}}
[debug] [2023-06-16T02:14:55.739Z] Jun 15, 2023 10:14:55 PM io.gapi.emulators.netty.HttpVersionRoutingHandler channelRead
INFO: Detected non-HTTP/2 connection.
 {"metadata":{"emulator":{"name":"firestore"},"message":"Jun 15, 2023 10:14:55 PM io.gapi.emulators.netty.HttpVersionRoutingHandler channelRead\nINFO: Detected non-HTTP/2 connection.\n"}}
[debug] [2023-06-16T02:16:01.357Z] Jun 15, 2023 10:16:01 PM io.gapi.emulators.netty.HttpVersionRoutingHandler channelRead
INFO: Detected non-HTTP/2 connection.
 {"metadata":{"emulator":{"name":"firestore"},"message":"Jun 15, 2023 10:16:01 PM io.gapi.emulators.netty.HttpVersionRoutingHandler channelRead\nINFO: Detected non-HTTP/2 connection.\n"}}
[debug] [2023-06-16T02:17:01.421Z] Jun 15, 2023 10:17:01 PM io.gapi.emulators.netty.HttpVersionRoutingHandler channelRead
INFO: Detected non-HTTP/2 connection.
 {"metadata":{"emulator":{"name":"firestore"},"message":"Jun 15, 2023 10:17:01 PM io.gapi.emulators.netty.HttpVersionRoutingHandler channelRead\nINFO: Detected non-HTTP/2 connection.\n"}}
[debug] [2023-06-16T02:18:01.474Z] Jun 15, 2023 10:18:01 PM io.gapi.emulators.netty.HttpVersionRoutingHandler channelRead
INFO: Detected non-HTTP/2 connection.
 {"metadata":{"emulator":{"name":"firestore"},"message":"Jun 15, 2023 10:18:01 PM io.gapi.emulators.netty.HttpVersionRoutingHandler channelRead\nINFO: Detected non-HTTP/2 connection.\n"}}
[debug] [2023-06-16T02:18:04.572Z] Jun 15, 2023 10:18:04 PM com.google.cloud.datastore.emulator.firestore.websocket.WebSocketChannelHandler channelClosed
INFO: Websocket client disconnected
 {"metadata":{"emulator":{"name":"firestore"},"message":"Jun 15, 2023 10:18:04 PM com.google.cloud.datastore.emulator.firestore.websocket.WebSocketChannelHandler channelClosed\nINFO: Websocket client disconnected\n"}}
[debug] [2023-06-16T02:18:04.604Z] Jun 15, 2023 10:18:04 PM io.gapi.emulators.netty.HttpVersionRoutingHandler channelRead
INFO: Detected non-HTTP/2 connection.
 {"metadata":{"emulator":{"name":"firestore"},"message":"Jun 15, 2023 10:18:04 PM io.gapi.emulators.netty.HttpVersionRoutingHandler channelRead\nINFO: Detected non-HTTP/2 connection.\n"}}
[debug] [2023-06-16T02:19:09.993Z] Jun 15, 2023 10:19:09 PM io.gapi.emulators.netty.HttpVersionRoutingHandler channelRead
INFO: Detected non-HTTP/2 connection.
 {"metadata":{"emulator":{"name":"firestore"},"message":"Jun 15, 2023 10:19:09 PM io.gapi.emulators.netty.HttpVersionRoutingHandler channelRead\nINFO: Detected non-HTTP/2 connection.\n"}}
[debug] [2023-06-16T02:19:20.858Z] Jun 15, 2023 10:19:20 PM com.google.cloud.datastore.emulator.firestore.websocket.WebSocketChannelHandler initChannel
INFO: Connected to new websocket client
 {"metadata":{"emulator":{"name":"firestore"},"message":"Jun 15, 2023 10:19:20 PM com.google.cloud.datastore.emulator.firestore.websocket.WebSocketChannelHandler initChannel\nINFO: Connected to new websocket client\n"}}
[debug] [2023-06-16T02:20:10.051Z] Jun 15, 2023 10:20:10 PM io.gapi.emulators.netty.HttpVersionRoutingHandler channelRead
INFO: Detected non-HTTP/2 connection.
 {"metadata":{"emulator":{"name":"firestore"},"message":"Jun 15, 2023 10:20:10 PM io.gapi.emulators.netty.HttpVersionRoutingHandler channelRead\nINFO: Detected non-HTTP/2 connection.\n"}}
[debug] [2023-06-16T02:21:10.113Z] Jun 15, 2023 10:21:10 PM io.gapi.emulators.netty.HttpVersionRoutingHandler channelRead
INFO: Detected non-HTTP/2 connection.
 {"metadata":{"emulator":{"name":"firestore"},"message":"Jun 15, 2023 10:21:10 PM io.gapi.emulators.netty.HttpVersionRoutingHandler channelRead\nINFO: Detected non-HTTP/2 connection.\n"}}
[debug] [2023-06-16T02:21:32.090Z] Jun 15, 2023 10:21:32 PM io.gapi.emulators.netty.HttpVersionRoutingHandler channelRead
INFO: Detected non-HTTP/2 connection.
Jun 15, 2023 10:21:32 PM io.gapi.emulators.netty.HttpVersionRoutingHandler channelRead
INFO: Detected non-HTTP/2 connection.
 {"metadata":{"emulator":{"name":"firestore"},"message":"Jun 15, 2023 10:21:32 PM io.gapi.emulators.netty.HttpVersionRoutingHandler channelRead\nINFO: Detected non-HTTP/2 connection.\nJun 15, 2023 10:21:32 PM io.gapi.emulators.netty.HttpVersionRoutingHandler channelRead\nINFO: Detected non-HTTP/2 connection.\n"}}
[debug] [2023-06-16T02:21:32.111Z] Jun 15, 2023 10:21:32 PM io.gapi.emulators.netty.HttpVersionRoutingHandler channelRead
INFO: Detected non-HTTP/2 connection.
 {"metadata":{"emulator":{"name":"firestore"},"message":"Jun 15, 2023 10:21:32 PM io.gapi.emulators.netty.HttpVersionRoutingHandler channelRead\nINFO: Detected non-HTTP/2 connection.\n"}}
[debug] [2023-06-16T02:22:10.203Z] Jun 15, 2023 10:22:10 PM io.gapi.emulators.netty.HttpVersionRoutingHandler channelRead
INFO: Detected non-HTTP/2 connection.
 {"metadata":{"emulator":{"name":"firestore"},"message":"Jun 15, 2023 10:22:10 PM io.gapi.emulators.netty.HttpVersionRoutingHandler channelRead\nINFO: Detected non-HTTP/2 connection.\n"}}
[debug] [2023-06-16T02:23:10.262Z] Jun 15, 2023 10:23:10 PM io.gapi.emulators.netty.HttpVersionRoutingHandler channelRead
INFO: Detected non-HTTP/2 connection.
 {"metadata":{"emulator":{"name":"firestore"},"message":"Jun 15, 2023 10:23:10 PM io.gapi.emulators.netty.HttpVersionRoutingHandler channelRead\nINFO: Detected non-HTTP/2 connection.\n"}}
[debug] [2023-06-16T02:24:10.331Z] Jun 15, 2023 10:24:10 PM io.gapi.emulators.netty.HttpVersionRoutingHandler channelRead
INFO: Detected non-HTTP/2 connection.
 {"metadata":{"emulator":{"name":"firestore"},"message":"Jun 15, 2023 10:24:10 PM io.gapi.emulators.netty.HttpVersionRoutingHandler channelRead\nINFO: Detected non-HTTP/2 connection.\n"}}
[debug] [2023-06-16T02:25:10.378Z] Jun 15, 2023 10:25:10 PM io.gapi.emulators.netty.HttpVersionRoutingHandler channelRead
INFO: Detected non-HTTP/2 connection.
 {"metadata":{"emulator":{"name":"firestore"},"message":"Jun 15, 2023 10:25:10 PM io.gapi.emulators.netty.HttpVersionRoutingHandler channelRead\nINFO: Detected non-HTTP/2 connection.\n"}}
[debug] [2023-06-16T02:26:10.443Z] Jun 15, 2023 10:26:10 PM io.gapi.emulators.netty.HttpVersionRoutingHandler channelRead
INFO: Detected non-HTTP/2 connection.
 {"metadata":{"emulator":{"name":"firestore"},"message":"Jun 15, 2023 10:26:10 PM io.gapi.emulators.netty.HttpVersionRoutingHandler channelRead\nINFO: Detected non-HTTP/2 connection.\n"}}
[debug] [2023-06-16T02:27:10.504Z] Jun 15, 2023 10:27:10 PM io.gapi.emulators.netty.HttpVersionRoutingHandler channelRead
INFO: Detected non-HTTP/2 connection.
 {"metadata":{"emulator":{"name":"firestore"},"message":"Jun 15, 2023 10:27:10 PM io.gapi.emulators.netty.HttpVersionRoutingHandler channelRead\nINFO: Detected non-HTTP/2 connection.\n"}}
[debug] [2023-06-16T02:27:30.188Z] Jun 15, 2023 10:27:30 PM com.google.cloud.datastore.emulator.firestore.websocket.WebSocketChannelHandler channelClosed
INFO: Websocket client disconnected
 {"metadata":{"emulator":{"name":"firestore"},"message":"Jun 15, 2023 10:27:30 PM com.google.cloud.datastore.emulator.firestore.websocket.WebSocketChannelHandler channelClosed\nINFO: Websocket client disconnected\n"}}
[debug] [2023-06-16T02:27:30.352Z] Jun 15, 2023 10:27:30 PM io.gapi.emulators.netty.HttpVersionRoutingHandler channelRead
INFO: Detected non-HTTP/2 connection.
 {"metadata":{"emulator":{"name":"firestore"},"message":"Jun 15, 2023 10:27:30 PM io.gapi.emulators.netty.HttpVersionRoutingHandler channelRead\nINFO: Detected non-HTTP/2 connection.\n"}}
[debug] [2023-06-16T02:28:20.543Z] Jun 15, 2023 10:28:20 PM io.gapi.emulators.netty.HttpVersionRoutingHandler channelRead
INFO: Detected non-HTTP/2 connection.
 {"metadata":{"emulator":{"name":"firestore"},"message":"Jun 15, 2023 10:28:20 PM io.gapi.emulators.netty.HttpVersionRoutingHandler channelRead\nINFO: Detected non-HTTP/2 connection.\n"}}
[debug] [2023-06-16T02:29:00.896Z] Jun 15, 2023 10:29:00 PM com.google.cloud.datastore.emulator.firestore.websocket.WebSocketChannelHandler initChannel
INFO: Connected to new websocket client
 {"metadata":{"emulator":{"name":"firestore"},"message":"Jun 15, 2023 10:29:00 PM com.google.cloud.datastore.emulator.firestore.websocket.WebSocketChannelHandler initChannel\nINFO: Connected to new websocket client\n"}}
[debug] [2023-06-16T02:32:09.884Z] Jun 15, 2023 10:32:09 PM io.gapi.emulators.netty.HttpVersionRoutingHandler channelRead
INFO: Detected non-HTTP/2 connection.
 {"metadata":{"emulator":{"name":"firestore"},"message":"Jun 15, 2023 10:32:09 PM io.gapi.emulators.netty.HttpVersionRoutingHandler channelRead\nINFO: Detected non-HTTP/2 connection.\n"}}
[debug] [2023-06-16T02:34:27.427Z] Jun 15, 2023 10:34:27 PM io.gapi.emulators.netty.HttpVersionRoutingHandler channelRead
INFO: Detected non-HTTP/2 connection.
 {"metadata":{"emulator":{"name":"firestore"},"message":"Jun 15, 2023 10:34:27 PM io.gapi.emulators.netty.HttpVersionRoutingHandler channelRead\nINFO: Detected non-HTTP/2 connection.\n"}}
[debug] [2023-06-16T02:36:55.383Z] Jun 15, 2023 10:36:55 PM io.gapi.emulators.netty.HttpVersionRoutingHandler channelRead
INFO: Detected non-HTTP/2 connection.
 {"metadata":{"emulator":{"name":"firestore"},"message":"Jun 15, 2023 10:36:55 PM io.gapi.emulators.netty.HttpVersionRoutingHandler channelRead\nINFO: Detected non-HTTP/2 connection.\n"}}
[debug] [2023-06-16T02:38:52.229Z] Jun 15, 2023 10:38:52 PM io.gapi.emulators.netty.HttpVersionRoutingHandler channelRead
INFO: Detected non-HTTP/2 connection.
 {"metadata":{"emulator":{"name":"firestore"},"message":"Jun 15, 2023 10:38:52 PM io.gapi.emulators.netty.HttpVersionRoutingHandler channelRead\nINFO: Detected non-HTTP/2 connection.\n"}}
[debug] [2023-06-16T02:40:30.067Z] Jun 15, 2023 10:40:30 PM io.gapi.emulators.netty.HttpVersionRoutingHandler channelRead
INFO: Detected non-HTTP/2 connection.
 {"metadata":{"emulator":{"name":"firestore"},"message":"Jun 15, 2023 10:40:30 PM io.gapi.emulators.netty.HttpVersionRoutingHandler channelRead\nINFO: Detected non-HTTP/2 connection.\n"}}
[debug] [2023-06-16T02:41:16.830Z] Jun 15, 2023 10:41:16 PM io.gapi.emulators.netty.HttpVersionRoutingHandler channelRead
INFO: Detected non-HTTP/2 connection.
 {"metadata":{"emulator":{"name":"firestore"},"message":"Jun 15, 2023 10:41:16 PM io.gapi.emulators.netty.HttpVersionRoutingHandler channelRead\nINFO: Detected non-HTTP/2 connection.\n"}}
[debug] [2023-06-16T02:42:43.453Z] Jun 15, 2023 10:42:43 PM io.gapi.emulators.netty.HttpVersionRoutingHandler channelRead
INFO: Detected non-HTTP/2 connection.
 {"metadata":{"emulator":{"name":"firestore"},"message":"Jun 15, 2023 10:42:43 PM io.gapi.emulators.netty.HttpVersionRoutingHandler channelRead\nINFO: Detected non-HTTP/2 connection.\n"}}
[debug] [2023-06-16T02:44:27.502Z] Jun 15, 2023 10:44:27 PM io.gapi.emulators.netty.HttpVersionRoutingHandler channelRead
INFO: Detected non-HTTP/2 connection.
 {"metadata":{"emulator":{"name":"firestore"},"message":"Jun 15, 2023 10:44:27 PM io.gapi.emulators.netty.HttpVersionRoutingHandler channelRead\nINFO: Detected non-HTTP/2 connection.\n"}}
[debug] [2023-06-16T02:46:30.021Z] Jun 15, 2023 10:46:30 PM io.gapi.emulators.netty.HttpVersionRoutingHandler channelRead
INFO: Detected non-HTTP/2 connection.
 {"metadata":{"emulator":{"name":"firestore"},"message":"Jun 15, 2023 10:46:30 PM io.gapi.emulators.netty.HttpVersionRoutingHandler channelRead\nINFO: Detected non-HTTP/2 connection.\n"}}
[debug] [2023-06-16T02:48:27.804Z] Jun 15, 2023 10:48:27 PM io.gapi.emulators.netty.HttpVersionRoutingHandler channelRead
INFO: Detected non-HTTP/2 connection.
 {"metadata":{"emulator":{"name":"firestore"},"message":"Jun 15, 2023 10:48:27 PM io.gapi.emulators.netty.HttpVersionRoutingHandler channelRead\nINFO: Detected non-HTTP/2 connection.\n"}}
[debug] [2023-06-16T02:49:27.899Z] Jun 15, 2023 10:49:27 PM io.gapi.emulators.netty.HttpVersionRoutingHandler channelRead
INFO: Detected non-HTTP/2 connection.
 {"metadata":{"emulator":{"name":"firestore"},"message":"Jun 15, 2023 10:49:27 PM io.gapi.emulators.netty.HttpVersionRoutingHandler channelRead\nINFO: Detected non-HTTP/2 connection.\n"}}
[debug] [2023-06-16T02:50:27.942Z] Jun 15, 2023 10:50:27 PM io.gapi.emulators.netty.HttpVersionRoutingHandler channelRead
INFO: Detected non-HTTP/2 connection.
 {"metadata":{"emulator":{"name":"firestore"},"message":"Jun 15, 2023 10:50:27 PM io.gapi.emulators.netty.HttpVersionRoutingHandler channelRead\nINFO: Detected non-HTTP/2 connection.\n"}}
[debug] [2023-06-16T02:51:28.010Z] Jun 15, 2023 10:51:28 PM io.gapi.emulators.netty.HttpVersionRoutingHandler channelRead
INFO: Detected non-HTTP/2 connection.
 {"metadata":{"emulator":{"name":"firestore"},"message":"Jun 15, 2023 10:51:28 PM io.gapi.emulators.netty.HttpVersionRoutingHandler channelRead\nINFO: Detected non-HTTP/2 connection.\n"}}
[debug] [2023-06-16T02:52:28.052Z] Jun 15, 2023 10:52:28 PM io.gapi.emulators.netty.HttpVersionRoutingHandler channelRead
INFO: Detected non-HTTP/2 connection.
 {"metadata":{"emulator":{"name":"firestore"},"message":"Jun 15, 2023 10:52:28 PM io.gapi.emulators.netty.HttpVersionRoutingHandler channelRead\nINFO: Detected non-HTTP/2 connection.\n"}}
[debug] [2023-06-16T02:53:28.212Z] Jun 15, 2023 10:53:28 PM io.gapi.emulators.netty.HttpVersionRoutingHandler channelRead
INFO: Detected non-HTTP/2 connection.
 {"metadata":{"emulator":{"name":"firestore"},"message":"Jun 15, 2023 10:53:28 PM io.gapi.emulators.netty.HttpVersionRoutingHandler channelRead\nINFO: Detected non-HTTP/2 connection.\n"}}
[debug] [2023-06-16T02:54:28.267Z] Jun 15, 2023 10:54:28 PM io.gapi.emulators.netty.HttpVersionRoutingHandler channelRead
INFO: Detected non-HTTP/2 connection.
 {"metadata":{"emulator":{"name":"firestore"},"message":"Jun 15, 2023 10:54:28 PM io.gapi.emulators.netty.HttpVersionRoutingHandler channelRead\nINFO: Detected non-HTTP/2 connection.\n"}}
[debug] [2023-06-16T02:55:28.326Z] Jun 15, 2023 10:55:28 PM io.gapi.emulators.netty.HttpVersionRoutingHandler channelRead
INFO: Detected non-HTTP/2 connection.
 {"metadata":{"emulator":{"name":"firestore"},"message":"Jun 15, 2023 10:55:28 PM io.gapi.emulators.netty.HttpVersionRoutingHandler channelRead\nINFO: Detected non-HTTP/2 connection.\n"}}
[debug] [2023-06-16T02:56:28.394Z] Jun 15, 2023 10:56:28 PM io.gapi.emulators.netty.HttpVersionRoutingHandler channelRead
INFO: Detected non-HTTP/2 connection.
 {"metadata":{"emulator":{"name":"firestore"},"message":"Jun 15, 2023 10:56:28 PM io.gapi.emulators.netty.HttpVersionRoutingHandler channelRead\nINFO: Detected non-HTTP/2 connection.\n"}}
[debug] [2023-06-16T02:57:28.449Z] Jun 15, 2023 10:57:28 PM io.gapi.emulators.netty.HttpVersionRoutingHandler channelRead
INFO: Detected non-HTTP/2 connection.
 {"metadata":{"emulator":{"name":"firestore"},"message":"Jun 15, 2023 10:57:28 PM io.gapi.emulators.netty.HttpVersionRoutingHandler channelRead\nINFO: Detected non-HTTP/2 connection.\n"}}
[debug] [2023-06-16T02:58:28.500Z] Jun 15, 2023 10:58:28 PM io.gapi.emulators.netty.HttpVersionRoutingHandler channelRead
INFO: Detected non-HTTP/2 connection.
 {"metadata":{"emulator":{"name":"firestore"},"message":"Jun 15, 2023 10:58:28 PM io.gapi.emulators.netty.HttpVersionRoutingHandler channelRead\nINFO: Detected non-HTTP/2 connection.\n"}}
[debug] [2023-06-16T02:59:28.559Z] Jun 15, 2023 10:59:28 PM io.gapi.emulators.netty.HttpVersionRoutingHandler channelRead
INFO: Detected non-HTTP/2 connection.
 {"metadata":{"emulator":{"name":"firestore"},"message":"Jun 15, 2023 10:59:28 PM io.gapi.emulators.netty.HttpVersionRoutingHandler channelRead\nINFO: Detected non-HTTP/2 connection.\n"}}
[debug] [2023-06-16T03:00:28.609Z] Jun 15, 2023 11:00:28 PM io.gapi.emulators.netty.HttpVersionRoutingHandler channelRead
INFO: Detected non-HTTP/2 connection.
 {"metadata":{"emulator":{"name":"firestore"},"message":"Jun 15, 2023 11:00:28 PM io.gapi.emulators.netty.HttpVersionRoutingHandler channelRead\nINFO: Detected non-HTTP/2 connection.\n"}}
[debug] [2023-06-16T03:01:28.667Z] Jun 15, 2023 11:01:28 PM io.gapi.emulators.netty.HttpVersionRoutingHandler channelRead
INFO: Detected non-HTTP/2 connection.
 {"metadata":{"emulator":{"name":"firestore"},"message":"Jun 15, 2023 11:01:28 PM io.gapi.emulators.netty.HttpVersionRoutingHandler channelRead\nINFO: Detected non-HTTP/2 connection.\n"}}
[debug] [2023-06-16T03:02:28.730Z] Jun 15, 2023 11:02:28 PM io.gapi.emulators.netty.HttpVersionRoutingHandler channelRead
INFO: Detected non-HTTP/2 connection.
 {"metadata":{"emulator":{"name":"firestore"},"message":"Jun 15, 2023 11:02:28 PM io.gapi.emulators.netty.HttpVersionRoutingHandler channelRead\nINFO: Detected non-HTTP/2 connection.\n"}}
[debug] [2023-06-16T03:03:28.776Z] Jun 15, 2023 11:03:28 PM io.gapi.emulators.netty.HttpVersionRoutingHandler channelRead
INFO: Detected non-HTTP/2 connection.
 {"metadata":{"emulator":{"name":"firestore"},"message":"Jun 15, 2023 11:03:28 PM io.gapi.emulators.netty.HttpVersionRoutingHandler channelRead\nINFO: Detected non-HTTP/2 connection.\n"}}
[debug] [2023-06-16T03:04:28.814Z] Jun 15, 2023 11:04:28 PM io.gapi.emulators.netty.HttpVersionRoutingHandler channelRead
INFO: Detected non-HTTP/2 connection.
 {"metadata":{"emulator":{"name":"firestore"},"message":"Jun 15, 2023 11:04:28 PM io.gapi.emulators.netty.HttpVersionRoutingHandler channelRead\nINFO: Detected non-HTTP/2 connection.\n"}}
[debug] [2023-06-16T03:05:28.910Z] Jun 15, 2023 11:05:28 PM io.gapi.emulators.netty.HttpVersionRoutingHandler channelRead
INFO: Detected non-HTTP/2 connection.
 {"metadata":{"emulator":{"name":"firestore"},"message":"Jun 15, 2023 11:05:28 PM io.gapi.emulators.netty.HttpVersionRoutingHandler channelRead\nINFO: Detected non-HTTP/2 connection.\n"}}
[debug] [2023-06-16T03:06:28.970Z] Jun 15, 2023 11:06:28 PM io.gapi.emulators.netty.HttpVersionRoutingHandler channelRead
INFO: Detected non-HTTP/2 connection.
 {"metadata":{"emulator":{"name":"firestore"},"message":"Jun 15, 2023 11:06:28 PM io.gapi.emulators.netty.HttpVersionRoutingHandler channelRead\nINFO: Detected non-HTTP/2 connection.\n"}}
[debug] [2023-06-16T03:07:29.055Z] Jun 15, 2023 11:07:29 PM io.gapi.emulators.netty.HttpVersionRoutingHandler channelRead
INFO: Detected non-HTTP/2 connection.
 {"metadata":{"emulator":{"name":"firestore"},"message":"Jun 15, 2023 11:07:29 PM io.gapi.emulators.netty.HttpVersionRoutingHandler channelRead\nINFO: Detected non-HTTP/2 connection.\n"}}
[debug] [2023-06-16T03:08:29.106Z] Jun 15, 2023 11:08:29 PM io.gapi.emulators.netty.HttpVersionRoutingHandler channelRead
INFO: Detected non-HTTP/2 connection.
 {"metadata":{"emulator":{"name":"firestore"},"message":"Jun 15, 2023 11:08:29 PM io.gapi.emulators.netty.HttpVersionRoutingHandler channelRead\nINFO: Detected non-HTTP/2 connection.\n"}}
[debug] [2023-06-16T03:09:29.166Z] Jun 15, 2023 11:09:29 PM io.gapi.emulators.netty.HttpVersionRoutingHandler channelRead
INFO: Detected non-HTTP/2 connection.
 {"metadata":{"emulator":{"name":"firestore"},"message":"Jun 15, 2023 11:09:29 PM io.gapi.emulators.netty.HttpVersionRoutingHandler channelRead\nINFO: Detected non-HTTP/2 connection.\n"}}
[debug] [2023-06-16T03:10:29.236Z] Jun 15, 2023 11:10:29 PM io.gapi.emulators.netty.HttpVersionRoutingHandler channelRead
INFO: Detected non-HTTP/2 connection.
 {"metadata":{"emulator":{"name":"firestore"},"message":"Jun 15, 2023 11:10:29 PM io.gapi.emulators.netty.HttpVersionRoutingHandler channelRead\nINFO: Detected non-HTTP/2 connection.\n"}}
[debug] [2023-06-16T03:11:29.326Z] Jun 15, 2023 11:11:29 PM io.gapi.emulators.netty.HttpVersionRoutingHandler channelRead
INFO: Detected non-HTTP/2 connection.
 {"metadata":{"emulator":{"name":"firestore"},"message":"Jun 15, 2023 11:11:29 PM io.gapi.emulators.netty.HttpVersionRoutingHandler channelRead\nINFO: Detected non-HTTP/2 connection.\n"}}
[debug] [2023-06-16T03:12:29.386Z] Jun 15, 2023 11:12:29 PM io.gapi.emulators.netty.HttpVersionRoutingHandler channelRead
INFO: Detected non-HTTP/2 connection.
 {"metadata":{"emulator":{"name":"firestore"},"message":"Jun 15, 2023 11:12:29 PM io.gapi.emulators.netty.HttpVersionRoutingHandler channelRead\nINFO: Detected non-HTTP/2 connection.\n"}}
[debug] [2023-06-16T03:13:29.479Z] Jun 15, 2023 11:13:29 PM io.gapi.emulators.netty.HttpVersionRoutingHandler channelRead
INFO: Detected non-HTTP/2 connection.
 {"metadata":{"emulator":{"name":"firestore"},"message":"Jun 15, 2023 11:13:29 PM io.gapi.emulators.netty.HttpVersionRoutingHandler channelRead\nINFO: Detected non-HTTP/2 connection.\n"}}
[debug] [2023-06-16T03:14:29.549Z] Jun 15, 2023 11:14:29 PM io.gapi.emulators.netty.HttpVersionRoutingHandler channelRead
INFO: Detected non-HTTP/2 connection.
 {"metadata":{"emulator":{"name":"firestore"},"message":"Jun 15, 2023 11:14:29 PM io.gapi.emulators.netty.HttpVersionRoutingHandler channelRead\nINFO: Detected non-HTTP/2 connection.\n"}}
[debug] [2023-06-16T03:15:29.597Z] Jun 15, 2023 11:15:29 PM io.gapi.emulators.netty.HttpVersionRoutingHandler channelRead
INFO: Detected non-HTTP/2 connection.
 {"metadata":{"emulator":{"name":"firestore"},"message":"Jun 15, 2023 11:15:29 PM io.gapi.emulators.netty.HttpVersionRoutingHandler channelRead\nINFO: Detected non-HTTP/2 connection.\n"}}
[debug] [2023-06-16T03:16:29.665Z] Jun 15, 2023 11:16:29 PM io.gapi.emulators.netty.HttpVersionRoutingHandler channelRead
INFO: Detected non-HTTP/2 connection.
 {"metadata":{"emulator":{"name":"firestore"},"message":"Jun 15, 2023 11:16:29 PM io.gapi.emulators.netty.HttpVersionRoutingHandler channelRead\nINFO: Detected non-HTTP/2 connection.\n"}}
[debug] [2023-06-16T03:17:29.728Z] Jun 15, 2023 11:17:29 PM io.gapi.emulators.netty.HttpVersionRoutingHandler channelRead
INFO: Detected non-HTTP/2 connection.
 {"metadata":{"emulator":{"name":"firestore"},"message":"Jun 15, 2023 11:17:29 PM io.gapi.emulators.netty.HttpVersionRoutingHandler channelRead\nINFO: Detected non-HTTP/2 connection.\n"}}
[debug] [2023-06-16T03:18:29.788Z] Jun 15, 2023 11:18:29 PM io.gapi.emulators.netty.HttpVersionRoutingHandler channelRead
INFO: Detected non-HTTP/2 connection.
 {"metadata":{"emulator":{"name":"firestore"},"message":"Jun 15, 2023 11:18:29 PM io.gapi.emulators.netty.HttpVersionRoutingHandler channelRead\nINFO: Detected non-HTTP/2 connection.\n"}}
[debug] [2023-06-16T03:19:29.850Z] Jun 15, 2023 11:19:29 PM io.gapi.emulators.netty.HttpVersionRoutingHandler channelRead
INFO: Detected non-HTTP/2 connection.
 {"metadata":{"emulator":{"name":"firestore"},"message":"Jun 15, 2023 11:19:29 PM io.gapi.emulators.netty.HttpVersionRoutingHandler channelRead\nINFO: Detected non-HTTP/2 connection.\n"}}
[debug] [2023-06-16T03:20:24.927Z] Jun 15, 2023 11:20:24 PM io.gapi.emulators.netty.HttpVersionRoutingHandler channelRead
INFO: Detected non-HTTP/2 connection.
Jun 15, 2023 11:20:24 PM io.gapi.emulators.netty.HttpVersionRoutingHandler channelRead
INFO: Detected non-HTTP/2 connection.
Jun 15, 2023 11:20:24 PM io.gapi.emulators.netty.HttpVersionRoutingHandler channelRead
INFO: Detected non-HTTP/2 connection.
 {"metadata":{"emulator":{"name":"firestore"},"message":"Jun 15, 2023 11:20:24 PM io.gapi.emulators.netty.HttpVersionRoutingHandler channelRead\nINFO: Detected non-HTTP/2 connection.\nJun 15, 2023 11:20:24 PM io.gapi.emulators.netty.HttpVersionRoutingHandler channelRead\nINFO: Detected non-HTTP/2 connection.\nJun 15, 2023 11:20:24 PM io.gapi.emulators.netty.HttpVersionRoutingHandler channelRead\nINFO: Detected non-HTTP/2 connection.\n"}}
[debug] [2023-06-16T03:20:25.218Z] Jun 15, 2023 11:20:25 PM io.gapi.emulators.netty.HttpVersionRoutingHandler channelRead
INFO: Detected HTTP/2 connection.
 {"metadata":{"emulator":{"name":"firestore"},"message":"Jun 15, 2023 11:20:25 PM io.gapi.emulators.netty.HttpVersionRoutingHandler channelRead\nINFO: Detected HTTP/2 connection.\n"}}
[debug] [2023-06-16T03:20:29.897Z] Jun 15, 2023 11:20:29 PM io.gapi.emulators.netty.HttpVersionRoutingHandler channelRead
INFO: Detected non-HTTP/2 connection.
 {"metadata":{"emulator":{"name":"firestore"},"message":"Jun 15, 2023 11:20:29 PM io.gapi.emulators.netty.HttpVersionRoutingHandler channelRead\nINFO: Detected non-HTTP/2 connection.\n"}}
