[debug] [2023-07-10T12:58:25.131Z] ----------------------------------------------------------------------
[debug] [2023-07-10T12:58:25.133Z] Command:       /opt/homebrew/Cellar/node/20.3.1_1/bin/node /Users/narenmani/.npm-global/bin/firebase init hosting
[debug] [2023-07-10T12:58:25.134Z] CLI Version:   12.4.2
[debug] [2023-07-10T12:58:25.134Z] Platform:      darwin
[debug] [2023-07-10T12:58:25.134Z] Node Version:  v20.3.1
[debug] [2023-07-10T12:58:25.134Z] Time:          Mon Jul 10 2023 08:58:25 GMT-0400 (Eastern Daylight Time)
[debug] [2023-07-10T12:58:25.134Z] ----------------------------------------------------------------------
[debug] 
[debug] [2023-07-10T12:58:25.174Z] > command requires scopes: ["email","openid","https://www.googleapis.com/auth/cloudplatformprojects.readonly","https://www.googleapis.com/auth/firebase","https://www.googleapis.com/auth/cloud-platform"]
[debug] [2023-07-10T12:58:25.174Z] > authorizing via signed-in user (nmanikandan219@gmail.com)
[info] 
     ######## #### ########  ######## ########     ###     ######  ########
     ##        ##  ##     ## ##       ##     ##  ##   ##  ##       ##
     ######    ##  ########  ######   ########  #########  ######  ######
     ##        ##  ##    ##  ##       ##     ## ##     ##       ## ##
     ##       #### ##     ## ######## ########  ##     ##  ######  ########

You're about to initialize a Firebase project in this directory:

  /Users/narenmani/Development/parkware/parkware-react-native

Before we get started, keep in mind:

  * You are initializing within an existing Firebase project directory

[info] 
=== Project Setup
[info] 
[info] First, let's associate this project directory with a Firebase project.
[info] You can create multiple project aliases by running firebase use --add, 
[info] but for now we'll just set up a default project.
[info] 
[debug] [2023-07-10T12:58:25.176Z] Using project from CLI flag: parkware1
[debug] [2023-07-10T12:58:25.177Z] >>> [apiv2][query] GET https://firebase.googleapis.com/v1beta1/projects/parkware1 [none]
[debug] [2023-07-10T12:58:25.501Z] <<< [apiv2][status] GET https://firebase.googleapis.com/v1beta1/projects/parkware1 200
[debug] [2023-07-10T12:58:25.501Z] <<< [apiv2][body] GET https://firebase.googleapis.com/v1beta1/projects/parkware1 {"projectId":"parkware1","projectNumber":"153016624909","displayName":"parkware","name":"projects/parkware1","resources":{"hostingSite":"parkware1","realtimeDatabaseInstance":"parkware1-default-rtdb","storageBucket":"parkware1.appspot.com","locationId":"us-central"},"state":"ACTIVE","etag":"1_aad7f9f6-48a9-4ec1-b560-8fc1b6bd21fd"}
[info] i  Using project parkware1 (parkware) 
[info] 
=== Hosting Setup
[info] 
[info] Your public directory is the folder (relative to your project directory) that
[info] will contain Hosting assets to be uploaded with firebase deploy. If you
[info] have a build process for your assets, use your build's output directory.
[info] 
[debug] [2023-07-10T12:59:58.141Z] ----------------------------------------------------------------------
[debug] [2023-07-10T12:59:58.148Z] Command:       /opt/homebrew/Cellar/node/20.3.1_1/bin/node /Users/narenmani/.npm-global/bin/firebase hosting:channel:deploy primusTest
[debug] [2023-07-10T12:59:58.148Z] CLI Version:   12.4.2
[debug] [2023-07-10T12:59:58.148Z] Platform:      darwin
[debug] [2023-07-10T12:59:58.148Z] Node Version:  v20.3.1
[debug] [2023-07-10T12:59:58.149Z] Time:          Mon Jul 10 2023 08:59:58 GMT-0400 (Eastern Daylight Time)
[debug] [2023-07-10T12:59:58.149Z] ----------------------------------------------------------------------
[debug] 
[debug] [2023-07-10T12:59:58.189Z] > command requires scopes: ["email","openid","https://www.googleapis.com/auth/cloudplatformprojects.readonly","https://www.googleapis.com/auth/firebase","https://www.googleapis.com/auth/cloud-platform"]
[debug] [2023-07-10T12:59:58.189Z] > authorizing via signed-in user (nmanikandan219@gmail.com)
[debug] [2023-07-10T12:59:58.189Z] [iam] checking project parkware1 for permissions ["firebase.projects.get","firebasehosting.sites.update"]
[debug] [2023-07-10T12:59:58.190Z] >>> [apiv2][query] POST https://cloudresourcemanager.googleapis.com/v1/projects/parkware1:testIamPermissions [none]
[debug] [2023-07-10T12:59:58.190Z] >>> [apiv2][(partial)header] POST https://cloudresourcemanager.googleapis.com/v1/projects/parkware1:testIamPermissions x-goog-quota-user=projects/parkware1
[debug] [2023-07-10T12:59:58.190Z] >>> [apiv2][body] POST https://cloudresourcemanager.googleapis.com/v1/projects/parkware1:testIamPermissions {"permissions":["firebase.projects.get","firebasehosting.sites.update"]}
[debug] [2023-07-10T12:59:58.404Z] <<< [apiv2][status] POST https://cloudresourcemanager.googleapis.com/v1/projects/parkware1:testIamPermissions 200
[debug] [2023-07-10T12:59:58.405Z] <<< [apiv2][body] POST https://cloudresourcemanager.googleapis.com/v1/projects/parkware1:testIamPermissions {"permissions":["firebase.projects.get","firebasehosting.sites.update"]}
[debug] [2023-07-10T12:59:58.406Z] >>> [apiv2][query] GET https://firebase.googleapis.com/v1beta1/projects/parkware1 [none]
[debug] [2023-07-10T12:59:58.748Z] <<< [apiv2][status] GET https://firebase.googleapis.com/v1beta1/projects/parkware1 200
[debug] [2023-07-10T12:59:58.748Z] <<< [apiv2][body] GET https://firebase.googleapis.com/v1beta1/projects/parkware1 {"projectId":"parkware1","projectNumber":"153016624909","displayName":"parkware","name":"projects/parkware1","resources":{"hostingSite":"parkware1","realtimeDatabaseInstance":"parkware1-default-rtdb","storageBucket":"parkware1.appspot.com","locationId":"us-central"},"state":"ACTIVE","etag":"1_aad7f9f6-48a9-4ec1-b560-8fc1b6bd21fd"}
[debug] [2023-07-10T12:59:58.860Z] TypeError: Cannot read properties of undefined (reading 'source')
    at deploy (/Users/narenmani/.npm-global/lib/node_modules/firebase-tools/lib/deploy/index.js:53:77)
    at Command.hostingChannelDeployAction [as actionFn] (/Users/narenmani/.npm-global/lib/node_modules/firebase-tools/lib/commands/hosting-channel-deploy.js:90:51)
    at process.processTicksAndRejections (node:internal/process/task_queues:95:5)
[error] 
[error] Error: An unexpected error has occurred.
